[0.006s] Invoking command in '/home/hareesh/risk/build/kuka_arm_pkg': CMAKE_PREFIX_PATH=${CMAKE_PREFIX_PATH}:/opt/ros/humble /usr/bin/cmake --build /home/hareesh/risk/build/kuka_arm_pkg -- -j16 -l16
[0.036s] [ 50%] Built target jtc_node
[0.038s] [100%] Built target moveit_drive
[0.044s] Invoked command in '/home/hareesh/risk/build/kuka_arm_pkg' returned '0': CMAKE_PREFIX_PATH=${CMAKE_PREFIX_PATH}:/opt/ros/humble /usr/bin/cmake --build /home/hareesh/risk/build/kuka_arm_pkg -- -j16 -l16
[0.062s] Invoking command in '/home/hareesh/risk/build/kuka_arm_pkg': CMAKE_PREFIX_PATH=${CMAKE_PREFIX_PATH}:/opt/ros/humble /usr/bin/cmake --install /home/hareesh/risk/build/kuka_arm_pkg
[0.066s] -- Install configuration: ""
[0.066s] -- Execute custom install script
[0.066s] -- Up-to-date symlink: /home/hareesh/risk/install/kuka_arm_pkg/lib/kuka_arm_pkg/jtc_node
[0.066s] -- Up-to-date symlink: /home/hareesh/risk/install/kuka_arm_pkg/lib/kuka_arm_pkg/moveit_drive
[0.066s] -- Up-to-date symlink: /home/hareesh/risk/install/kuka_arm_pkg/share/kuka_arm_pkg/src/joint_trajectory_controller.cpp
[0.067s] -- Up-to-date symlink: /home/hareesh/risk/install/kuka_arm_pkg/share/kuka_arm_pkg/src/motion_drive_moveit.cpp
[0.067s] -- Up-to-date symlink: /home/hareesh/risk/install/kuka_arm_pkg/share/kuka_arm_pkg/urdf/camera.urdf.xacro
[0.067s] -- Up-to-date symlink: /home/hareesh/risk/install/kuka_arm_pkg/share/kuka_arm_pkg/urdf/kr210.gazebo.xacro
[0.067s] -- Up-to-date symlink: /home/hareesh/risk/install/kuka_arm_pkg/share/kuka_arm_pkg/urdf/kr210.ros2control.xacro
[0.067s] -- Up-to-date symlink: /home/hareesh/risk/install/kuka_arm_pkg/share/kuka_arm_pkg/urdf/kr210.urdf.xacro
[0.067s] -- Up-to-date symlink: /home/hareesh/risk/install/kuka_arm_pkg/share/kuka_arm_pkg/urdf/kr210_moveit.urdf.xacro
[0.067s] -- Up-to-date symlink: /home/hareesh/risk/install/kuka_arm_pkg/share/kuka_arm_pkg/urdf/target.urdf.xacro
[0.067s] -- Up-to-date symlink: /home/hareesh/risk/install/kuka_arm_pkg/share/kuka_arm_pkg/meshes/gripper/finger_left.dae
[0.067s] -- Up-to-date symlink: /home/hareesh/risk/install/kuka_arm_pkg/share/kuka_arm_pkg/meshes/gripper/finger_left_collision.dae
[0.067s] -- Up-to-date symlink: /home/hareesh/risk/install/kuka_arm_pkg/share/kuka_arm_pkg/meshes/gripper/finger_right.dae
[0.067s] -- Up-to-date symlink: /home/hareesh/risk/install/kuka_arm_pkg/share/kuka_arm_pkg/meshes/gripper/finger_right_collision.dae
[0.067s] -- Up-to-date symlink: /home/hareesh/risk/install/kuka_arm_pkg/share/kuka_arm_pkg/meshes/gripper/gripper_base.dae
[0.068s] -- Up-to-date symlink: /home/hareesh/risk/install/kuka_arm_pkg/share/kuka_arm_pkg/meshes/kr210l150/README.md
[0.068s] -- Up-to-date symlink: /home/hareesh/risk/install/kuka_arm_pkg/share/kuka_arm_pkg/meshes/kr210l150/collision/base_link.stl
[0.068s] -- Up-to-date symlink: /home/hareesh/risk/install/kuka_arm_pkg/share/kuka_arm_pkg/meshes/kr210l150/collision/link_1.stl
[0.068s] -- Up-to-date symlink: /home/hareesh/risk/install/kuka_arm_pkg/share/kuka_arm_pkg/meshes/kr210l150/collision/link_2.stl
[0.068s] -- Up-to-date symlink: /home/hareesh/risk/install/kuka_arm_pkg/share/kuka_arm_pkg/meshes/kr210l150/collision/link_3.stl
[0.068s] -- Up-to-date symlink: /home/hareesh/risk/install/kuka_arm_pkg/share/kuka_arm_pkg/meshes/kr210l150/collision/link_4.stl
[0.068s] -- Up-to-date symlink: /home/hareesh/risk/install/kuka_arm_pkg/share/kuka_arm_pkg/meshes/kr210l150/collision/link_5.stl
[0.068s] -- Up-to-date symlink: /home/hareesh/risk/install/kuka_arm_pkg/share/kuka_arm_pkg/meshes/kr210l150/collision/link_6.stl
[0.068s] -- Up-to-date symlink: /home/hareesh/risk/install/kuka_arm_pkg/share/kuka_arm_pkg/meshes/kr210l150/visual/base_link.dae
[0.068s] -- Up-to-date symlink: /home/hareesh/risk/install/kuka_arm_pkg/share/kuka_arm_pkg/meshes/kr210l150/visual/link_1.dae
[0.068s] -- Up-to-date symlink: /home/hareesh/risk/install/kuka_arm_pkg/share/kuka_arm_pkg/meshes/kr210l150/visual/link_2.dae
[0.068s] -- Up-to-date symlink: /home/hareesh/risk/install/kuka_arm_pkg/share/kuka_arm_pkg/meshes/kr210l150/visual/link_3.dae
[0.068s] -- Up-to-date symlink: /home/hareesh/risk/install/kuka_arm_pkg/share/kuka_arm_pkg/meshes/kr210l150/visual/link_4.dae
[0.068s] -- Up-to-date symlink: /home/hareesh/risk/install/kuka_arm_pkg/share/kuka_arm_pkg/meshes/kr210l150/visual/link_5.dae
[0.069s] -- Up-to-date symlink: /home/hareesh/risk/install/kuka_arm_pkg/share/kuka_arm_pkg/meshes/kr210l150/visual/link_6.dae
[0.069s] -- Up-to-date symlink: /home/hareesh/risk/install/kuka_arm_pkg/share/kuka_arm_pkg/config/kuka_arm.rviz
[0.069s] -- Up-to-date symlink: /home/hareesh/risk/install/kuka_arm_pkg/share/kuka_arm_pkg/config/kuka_arm_controllers.yaml
[0.069s] -- Up-to-date symlink: /home/hareesh/risk/install/kuka_arm_pkg/share/kuka_arm_pkg/launch/1_rviz_kuka_arm.launch.py
[0.069s] -- Up-to-date symlink: /home/hareesh/risk/install/kuka_arm_pkg/share/kuka_arm_pkg/launch/2_gazebo_kuka_arm.launch.py
[0.069s] -- Up-to-date symlink: /home/hareesh/risk/install/kuka_arm_pkg/share/kuka_arm_pkg/launch/3_moveit_kuka_arm.launch.py
[0.069s] -- Up-to-date symlink: /home/hareesh/risk/install/kuka_arm_pkg/share/kuka_arm_pkg/launch/4_moveit_node_controlling.launch.py
[0.069s] -- Up-to-date symlink: /home/hareesh/risk/install/kuka_arm_pkg/share/kuka_arm_pkg/models/kinematics_bin/kinematics_bin.dae
[0.069s] -- Up-to-date symlink: /home/hareesh/risk/install/kuka_arm_pkg/share/kuka_arm_pkg/models/kinematics_bin/model.config
[0.069s] -- Up-to-date symlink: /home/hareesh/risk/install/kuka_arm_pkg/share/kuka_arm_pkg/models/kinematics_bin/model.sdf
[0.069s] -- Up-to-date symlink: /home/hareesh/risk/install/kuka_arm_pkg/share/kuka_arm_pkg/models/kinematics_shelf/kinematics_shelf.dae
[0.069s] -- Up-to-date symlink: /home/hareesh/risk/install/kuka_arm_pkg/share/kuka_arm_pkg/models/kinematics_shelf/model.config
[0.069s] -- Up-to-date symlink: /home/hareesh/risk/install/kuka_arm_pkg/share/kuka_arm_pkg/models/kinematics_shelf/model.sdf
[0.069s] -- Up-to-date symlink: /home/hareesh/risk/install/kuka_arm_pkg/share/kuka_arm_pkg/worlds/cafe.world
[0.069s] -- Up-to-date symlink: /home/hareesh/risk/install/kuka_arm_pkg/share/ament_index/resource_index/package_run_dependencies/kuka_arm_pkg
[0.070s] -- Up-to-date symlink: /home/hareesh/risk/install/kuka_arm_pkg/share/ament_index/resource_index/parent_prefix_path/kuka_arm_pkg
[0.070s] -- Up-to-date symlink: /home/hareesh/risk/install/kuka_arm_pkg/share/kuka_arm_pkg/environment/ament_prefix_path.sh
[0.070s] -- Up-to-date symlink: /home/hareesh/risk/install/kuka_arm_pkg/share/kuka_arm_pkg/environment/ament_prefix_path.dsv
[0.070s] -- Up-to-date symlink: /home/hareesh/risk/install/kuka_arm_pkg/share/kuka_arm_pkg/environment/path.sh
[0.070s] -- Up-to-date symlink: /home/hareesh/risk/install/kuka_arm_pkg/share/kuka_arm_pkg/environment/path.dsv
[0.070s] -- Up-to-date symlink: /home/hareesh/risk/install/kuka_arm_pkg/share/kuka_arm_pkg/local_setup.bash
[0.070s] -- Up-to-date symlink: /home/hareesh/risk/install/kuka_arm_pkg/share/kuka_arm_pkg/local_setup.sh
[0.070s] -- Up-to-date symlink: /home/hareesh/risk/install/kuka_arm_pkg/share/kuka_arm_pkg/local_setup.zsh
[0.070s] -- Up-to-date symlink: /home/hareesh/risk/install/kuka_arm_pkg/share/kuka_arm_pkg/local_setup.dsv
[0.070s] -- Symlinking: /home/hareesh/risk/install/kuka_arm_pkg/share/kuka_arm_pkg/package.dsv
[0.074s] -- Up-to-date symlink: /home/hareesh/risk/install/kuka_arm_pkg/share/ament_index/resource_index/packages/kuka_arm_pkg
[0.074s] -- Up-to-date symlink: /home/hareesh/risk/install/kuka_arm_pkg/share/kuka_arm_pkg/cmake/kuka_arm_pkgConfig.cmake
[0.074s] -- Up-to-date symlink: /home/hareesh/risk/install/kuka_arm_pkg/share/kuka_arm_pkg/cmake/kuka_arm_pkgConfig-version.cmake
[0.074s] -- Up-to-date symlink: /home/hareesh/risk/install/kuka_arm_pkg/share/kuka_arm_pkg/package.xml
[0.075s] Invoked command in '/home/hareesh/risk/build/kuka_arm_pkg' returned '0': CMAKE_PREFIX_PATH=${CMAKE_PREFIX_PATH}:/opt/ros/humble /usr/bin/cmake --install /home/hareesh/risk/build/kuka_arm_pkg
