[0.005s] Invoking command in '/home/hareesh/risk/build/kuka_arm_pkg': CMAKE_PREFIX_PATH=/opt/ros/humble /usr/bin/cmake /home/hareesh/risk/kuka_arm_pkg -DAMENT_CMAKE_SYMLINK_INSTALL=1 -DCMAKE_INSTALL_PREFIX=/home/hareesh/risk/install/kuka_arm_pkg
[0.098s] -- The C compiler identification is GNU 11.4.0
[0.146s] -- The CXX compiler identification is GNU 11.4.0
[0.152s] -- Detecting C compiler ABI info
[0.189s] -- Detecting C compiler ABI info - done
[0.193s] -- Check for working C compiler: /usr/bin/cc - skipped
[0.194s] -- Detecting C compile features
[0.194s] -- Detecting C compile features - done
[0.196s] -- Detecting CXX compiler ABI info
[0.240s] -- Detecting CXX compiler ABI info - done
[0.244s] -- Check for working CXX compiler: /usr/bin/c++ - skipped
[0.245s] -- Detecting CXX compile features
[0.245s] -- Detecting CXX compile features - done
[0.247s] -- Found ament_cmake: 1.3.9 (/opt/ros/humble/share/ament_cmake/cmake)
[0.563s] -- Found Python3: /usr/bin/python3 (found version "3.10.12") found components: Interpreter 
[0.601s] -- Override CMake install command with custom implementation using symlinks instead of copying resources
[0.623s] -- Found rclcpp: 16.0.9 (/opt/ros/humble/share/rclcpp/cmake)
[0.656s] -- Found rosidl_generator_c: 3.1.5 (/opt/ros/humble/share/rosidl_generator_c/cmake)
[0.659s] -- Found rosidl_adapter: 3.1.5 (/opt/ros/humble/share/rosidl_adapter/cmake)
[0.666s] -- Found rosidl_generator_cpp: 3.1.5 (/opt/ros/humble/share/rosidl_generator_cpp/cmake)
[0.675s] -- Using all available rosidl_typesupport_c: rosidl_typesupport_fastrtps_c;rosidl_typesupport_introspection_c
[0.688s] -- Using all available rosidl_typesupport_cpp: rosidl_typesupport_fastrtps_cpp;rosidl_typesupport_introspection_cpp
[0.734s] -- Found rmw_implementation_cmake: 6.1.2 (/opt/ros/humble/share/rmw_implementation_cmake/cmake)
[0.736s] -- Found rmw_fastrtps_cpp: 6.2.6 (/opt/ros/humble/share/rmw_fastrtps_cpp/cmake)
[0.795s] -- Found OpenSSL: /usr/lib/x86_64-linux-gnu/libcrypto.so (found version "3.0.2")  
[0.811s] -- Found FastRTPS: /opt/ros/humble/include  
[0.839s] -- Using RMW implementation 'rmw_fastrtps_cpp' as default
[0.846s] -- Looking for pthread.h
[0.884s] -- Looking for pthread.h - found
[0.885s] -- Performing Test CMAKE_HAVE_LIBC_PTHREAD
[0.923s] -- Performing Test CMAKE_HAVE_LIBC_PTHREAD - Success
[0.924s] -- Found Threads: TRUE  
[1.021s] -- Found trajectory_msgs: 4.2.4 (/opt/ros/humble/share/trajectory_msgs/cmake)
[1.096s] -- Found moveit_ros_planning: 2.5.5 (/opt/ros/humble/share/moveit_ros_planning/cmake)
[1.114s] -- Found Boost: /usr/lib/x86_64-linux-gnu/cmake/Boost-1.74.0/BoostConfig.cmake (found version "1.74.0") found components: system filesystem date_time program_options thread chrono 
[1.391s] -- Found Boost: /usr/lib/x86_64-linux-gnu/cmake/Boost-1.74.0/BoostConfig.cmake (found version "1.74.0") found components: chrono date_time filesystem iostreams program_options regex serialization system thread 
[1.400s] -- Found parameter_traits: 0.3.8 (/opt/ros/humble/share/parameter_traits/cmake)
[1.411s] -- Found rclcpp_lifecycle: 16.0.9 (/opt/ros/humble/share/rclcpp_lifecycle/cmake)
[1.442s] -- Found Boost: /usr/lib/x86_64-linux-gnu/cmake/Boost-1.74.0/BoostConfig.cmake (found version "1.74.0") found components: filesystem 
[1.491s] -- library: /usr/lib/x86_64-linux-gnu/libcurl.so
[1.677s] -- Found Eigen3: TRUE (found version "3.4.0") 
[1.677s] -- Ensuring Eigen3 include directory is part of orocos-kdl CMake target
[2.311s] -- Found moveit_ros_planning_interface: 2.5.5 (/opt/ros/humble/share/moveit_ros_planning_interface/cmake)
[2.315s] -- Found Boost: /usr/lib/x86_64-linux-gnu/cmake/Boost-1.74.0/BoostConfig.cmake (found version "1.74.0") found components: date_time filesystem program_options system thread 
[2.426s] -- Found Boost: /usr/lib/x86_64-linux-gnu/cmake/Boost-1.74.0/BoostConfig.cmake (found version "1.74.0") found components: thread system filesystem regex date_time program_options 
[2.570s] -- Found Boost: /usr/lib/x86_64-linux-gnu/cmake/Boost-1.74.0/BoostConfig.cmake (found version "1.74.0") found components: system filesystem date_time program_options thread 
[2.814s] -- Found graph_msgs: 0.2.0 (/opt/ros/humble/share/graph_msgs/cmake)
[2.903s] -- Configuring done
[2.919s] -- Generating done
[2.920s] -- Build files have been written to: /home/hareesh/risk/build/kuka_arm_pkg
[2.928s] Invoked command in '/home/hareesh/risk/build/kuka_arm_pkg' returned '0': CMAKE_PREFIX_PATH=/opt/ros/humble /usr/bin/cmake /home/hareesh/risk/kuka_arm_pkg -DAMENT_CMAKE_SYMLINK_INSTALL=1 -DCMAKE_INSTALL_PREFIX=/home/hareesh/risk/install/kuka_arm_pkg
[2.930s] Invoking command in '/home/hareesh/risk/build/kuka_arm_pkg': CMAKE_PREFIX_PATH=/opt/ros/humble /usr/bin/cmake --build /home/hareesh/risk/build/kuka_arm_pkg -- -j16 -l16
[2.957s] [ 25%] [32mBuilding CXX object CMakeFiles/jtc_node.dir/src/joint_trajectory_controller.cpp.o[0m
[2.957s] [ 50%] [32mBuilding CXX object CMakeFiles/moveit_drive.dir/src/motion_drive_moveit.cpp.o[0m
[5.266s] [ 75%] [32m[1mLinking CXX executable jtc_node[0m
[5.376s] [ 75%] Built target jtc_node
[6.924s] [100%] [32m[1mLinking CXX executable moveit_drive[0m
[7.105s] [100%] Built target moveit_drive
[7.111s] Invoked command in '/home/hareesh/risk/build/kuka_arm_pkg' returned '0': CMAKE_PREFIX_PATH=/opt/ros/humble /usr/bin/cmake --build /home/hareesh/risk/build/kuka_arm_pkg -- -j16 -l16
[7.130s] Invoking command in '/home/hareesh/risk/build/kuka_arm_pkg': CMAKE_PREFIX_PATH=/opt/ros/humble /usr/bin/cmake --install /home/hareesh/risk/build/kuka_arm_pkg
[7.134s] -- Install configuration: ""
[7.134s] -- Execute custom install script
[7.134s] -- Symlinking: /home/hareesh/risk/install/kuka_arm_pkg/lib/kuka_arm_pkg/jtc_node
[7.139s] -- Symlinking: /home/hareesh/risk/install/kuka_arm_pkg/lib/kuka_arm_pkg/moveit_drive
[7.143s] -- Symlinking: /home/hareesh/risk/install/kuka_arm_pkg/share/kuka_arm_pkg/src/joint_trajectory_controller.cpp
[7.148s] -- Symlinking: /home/hareesh/risk/install/kuka_arm_pkg/share/kuka_arm_pkg/src/motion_drive_moveit.cpp
[7.152s] -- Symlinking: /home/hareesh/risk/install/kuka_arm_pkg/share/kuka_arm_pkg/urdf/camera.urdf.xacro
[7.156s] -- Symlinking: /home/hareesh/risk/install/kuka_arm_pkg/share/kuka_arm_pkg/urdf/kr210.gazebo.xacro
[7.161s] -- Symlinking: /home/hareesh/risk/install/kuka_arm_pkg/share/kuka_arm_pkg/urdf/kr210.ros2control.xacro
[7.165s] -- Symlinking: /home/hareesh/risk/install/kuka_arm_pkg/share/kuka_arm_pkg/urdf/kr210.urdf.xacro
[7.169s] -- Symlinking: /home/hareesh/risk/install/kuka_arm_pkg/share/kuka_arm_pkg/urdf/kr210_moveit.urdf.xacro
[7.173s] -- Symlinking: /home/hareesh/risk/install/kuka_arm_pkg/share/kuka_arm_pkg/urdf/target.urdf.xacro
[7.177s] -- Symlinking: /home/hareesh/risk/install/kuka_arm_pkg/share/kuka_arm_pkg/meshes/gripper/finger_left.dae
[7.182s] -- Symlinking: /home/hareesh/risk/install/kuka_arm_pkg/share/kuka_arm_pkg/meshes/gripper/finger_left_collision.dae
[7.186s] -- Symlinking: /home/hareesh/risk/install/kuka_arm_pkg/share/kuka_arm_pkg/meshes/gripper/finger_right.dae
[7.191s] -- Symlinking: /home/hareesh/risk/install/kuka_arm_pkg/share/kuka_arm_pkg/meshes/gripper/finger_right_collision.dae
[7.195s] -- Symlinking: /home/hareesh/risk/install/kuka_arm_pkg/share/kuka_arm_pkg/meshes/gripper/gripper_base.dae
[7.199s] -- Symlinking: /home/hareesh/risk/install/kuka_arm_pkg/share/kuka_arm_pkg/meshes/kr210l150/README.md
[7.204s] -- Symlinking: /home/hareesh/risk/install/kuka_arm_pkg/share/kuka_arm_pkg/meshes/kr210l150/collision/base_link.stl
[7.208s] -- Symlinking: /home/hareesh/risk/install/kuka_arm_pkg/share/kuka_arm_pkg/meshes/kr210l150/collision/link_1.stl
[7.213s] -- Symlinking: /home/hareesh/risk/install/kuka_arm_pkg/share/kuka_arm_pkg/meshes/kr210l150/collision/link_2.stl
[7.217s] -- Symlinking: /home/hareesh/risk/install/kuka_arm_pkg/share/kuka_arm_pkg/meshes/kr210l150/collision/link_3.stl
[7.221s] -- Symlinking: /home/hareesh/risk/install/kuka_arm_pkg/share/kuka_arm_pkg/meshes/kr210l150/collision/link_4.stl
[7.226s] -- Symlinking: /home/hareesh/risk/install/kuka_arm_pkg/share/kuka_arm_pkg/meshes/kr210l150/collision/link_5.stl
[7.230s] -- Symlinking: /home/hareesh/risk/install/kuka_arm_pkg/share/kuka_arm_pkg/meshes/kr210l150/collision/link_6.stl
[7.234s] -- Symlinking: /home/hareesh/risk/install/kuka_arm_pkg/share/kuka_arm_pkg/meshes/kr210l150/visual/base_link.dae
[7.239s] -- Symlinking: /home/hareesh/risk/install/kuka_arm_pkg/share/kuka_arm_pkg/meshes/kr210l150/visual/link_1.dae
[7.243s] -- Symlinking: /home/hareesh/risk/install/kuka_arm_pkg/share/kuka_arm_pkg/meshes/kr210l150/visual/link_2.dae
[7.248s] -- Symlinking: /home/hareesh/risk/install/kuka_arm_pkg/share/kuka_arm_pkg/meshes/kr210l150/visual/link_3.dae
[7.252s] -- Symlinking: /home/hareesh/risk/install/kuka_arm_pkg/share/kuka_arm_pkg/meshes/kr210l150/visual/link_4.dae
[7.257s] -- Symlinking: /home/hareesh/risk/install/kuka_arm_pkg/share/kuka_arm_pkg/meshes/kr210l150/visual/link_5.dae
[7.261s] -- Symlinking: /home/hareesh/risk/install/kuka_arm_pkg/share/kuka_arm_pkg/meshes/kr210l150/visual/link_6.dae
[7.266s] -- Symlinking: /home/hareesh/risk/install/kuka_arm_pkg/share/kuka_arm_pkg/config/kuka_arm.rviz
[7.271s] -- Symlinking: /home/hareesh/risk/install/kuka_arm_pkg/share/kuka_arm_pkg/config/kuka_arm_controllers.yaml
[7.275s] -- Symlinking: /home/hareesh/risk/install/kuka_arm_pkg/share/kuka_arm_pkg/launch/1_rviz_kuka_arm.launch.py
[7.279s] -- Symlinking: /home/hareesh/risk/install/kuka_arm_pkg/share/kuka_arm_pkg/launch/2_gazebo_kuka_arm.launch.py
[7.284s] -- Symlinking: /home/hareesh/risk/install/kuka_arm_pkg/share/kuka_arm_pkg/launch/3_moveit_kuka_arm.launch.py
[7.289s] -- Symlinking: /home/hareesh/risk/install/kuka_arm_pkg/share/kuka_arm_pkg/launch/4_moveit_node_controlling.launch.py
[7.293s] -- Symlinking: /home/hareesh/risk/install/kuka_arm_pkg/share/kuka_arm_pkg/models/kinematics_bin/kinematics_bin.dae
[7.297s] -- Symlinking: /home/hareesh/risk/install/kuka_arm_pkg/share/kuka_arm_pkg/models/kinematics_bin/model.config
[7.302s] -- Symlinking: /home/hareesh/risk/install/kuka_arm_pkg/share/kuka_arm_pkg/models/kinematics_bin/model.sdf
[7.306s] -- Symlinking: /home/hareesh/risk/install/kuka_arm_pkg/share/kuka_arm_pkg/models/kinematics_shelf/kinematics_shelf.dae
[7.311s] -- Symlinking: /home/hareesh/risk/install/kuka_arm_pkg/share/kuka_arm_pkg/models/kinematics_shelf/model.config
[7.315s] -- Symlinking: /home/hareesh/risk/install/kuka_arm_pkg/share/kuka_arm_pkg/models/kinematics_shelf/model.sdf
[7.320s] -- Symlinking: /home/hareesh/risk/install/kuka_arm_pkg/share/kuka_arm_pkg/worlds/cafe.world
[7.325s] -- Symlinking: /home/hareesh/risk/install/kuka_arm_pkg/share/ament_index/resource_index/package_run_dependencies/kuka_arm_pkg
[7.329s] -- Symlinking: /home/hareesh/risk/install/kuka_arm_pkg/share/ament_index/resource_index/parent_prefix_path/kuka_arm_pkg
[7.334s] -- Symlinking: /home/hareesh/risk/install/kuka_arm_pkg/share/kuka_arm_pkg/environment/ament_prefix_path.sh
[7.338s] -- Symlinking: /home/hareesh/risk/install/kuka_arm_pkg/share/kuka_arm_pkg/environment/ament_prefix_path.dsv
[7.342s] -- Symlinking: /home/hareesh/risk/install/kuka_arm_pkg/share/kuka_arm_pkg/environment/path.sh
[7.347s] -- Symlinking: /home/hareesh/risk/install/kuka_arm_pkg/share/kuka_arm_pkg/environment/path.dsv
[7.351s] -- Symlinking: /home/hareesh/risk/install/kuka_arm_pkg/share/kuka_arm_pkg/local_setup.bash
[7.355s] -- Symlinking: /home/hareesh/risk/install/kuka_arm_pkg/share/kuka_arm_pkg/local_setup.sh
[7.360s] -- Symlinking: /home/hareesh/risk/install/kuka_arm_pkg/share/kuka_arm_pkg/local_setup.zsh
[7.364s] -- Symlinking: /home/hareesh/risk/install/kuka_arm_pkg/share/kuka_arm_pkg/local_setup.dsv
[7.369s] -- Symlinking: /home/hareesh/risk/install/kuka_arm_pkg/share/kuka_arm_pkg/package.dsv
[7.373s] -- Symlinking: /home/hareesh/risk/install/kuka_arm_pkg/share/ament_index/resource_index/packages/kuka_arm_pkg
[7.378s] -- Symlinking: /home/hareesh/risk/install/kuka_arm_pkg/share/kuka_arm_pkg/cmake/kuka_arm_pkgConfig.cmake
[7.382s] -- Symlinking: /home/hareesh/risk/install/kuka_arm_pkg/share/kuka_arm_pkg/cmake/kuka_arm_pkgConfig-version.cmake
[7.387s] -- Symlinking: /home/hareesh/risk/install/kuka_arm_pkg/share/kuka_arm_pkg/package.xml
[7.393s] Invoked command in '/home/hareesh/risk/build/kuka_arm_pkg' returned '0': CMAKE_PREFIX_PATH=/opt/ros/humble /usr/bin/cmake --install /home/hareesh/risk/build/kuka_arm_pkg
