[0.003s] Invoking command in '/home/hareesh/risk/build/kuka_arm_moveit': AMENT_PREFIX_PATH=/home/hareesh/risk/install/kuka_arm_pkg:${AMENT_PREFIX_PATH} CMAKE_PREFIX_PATH=/home/hareesh/risk/install/kuka_arm_pkg:/opt/ros/humble /usr/bin/cmake /home/hareesh/risk/kuka_arm_moveit -DAMENT_CMAKE_SYMLINK_INSTALL=1 -DCMAKE_INSTALL_PREFIX=/home/hareesh/risk/install/kuka_arm_moveit
[0.032s] -- The C compiler identification is GNU 11.4.0
[0.062s] -- The CXX compiler identification is GNU 11.4.0
[0.066s] -- Detecting C compiler ABI info
[0.103s] -- Detecting C compiler ABI info - done
[0.108s] -- Check for working C compiler: /usr/bin/cc - skipped
[0.108s] -- Detecting C compile features
[0.108s] -- Detecting C compile features - done
[0.110s] -- Detecting CXX compiler ABI info
[0.154s] -- Detecting CXX compiler ABI info - done
[0.158s] -- Check for working CXX compiler: /usr/bin/c++ - skipped
[0.158s] -- Detecting CXX compile features
[0.159s] -- Detecting CXX compile features - done
[0.160s] -- Found ament_cmake: 1.3.9 (/opt/ros/humble/share/ament_cmake/cmake)
[0.479s] -- Found Python3: /usr/bin/python3 (found version "3.10.12") found components: Interpreter 
[0.514s] -- Override CMake install command with custom implementation using symlinks instead of copying resources
[0.565s] -- Configuring done
[0.566s] -- Generating done
[0.567s] -- Build files have been written to: /home/hareesh/risk/build/kuka_arm_moveit
[0.569s] Invoked command in '/home/hareesh/risk/build/kuka_arm_moveit' returned '0': AMENT_PREFIX_PATH=/home/hareesh/risk/install/kuka_arm_pkg:${AMENT_PREFIX_PATH} CMAKE_PREFIX_PATH=/home/hareesh/risk/install/kuka_arm_pkg:/opt/ros/humble /usr/bin/cmake /home/hareesh/risk/kuka_arm_moveit -DAMENT_CMAKE_SYMLINK_INSTALL=1 -DCMAKE_INSTALL_PREFIX=/home/hareesh/risk/install/kuka_arm_moveit
[0.570s] Invoking command in '/home/hareesh/risk/build/kuka_arm_moveit': AMENT_PREFIX_PATH=/home/hareesh/risk/install/kuka_arm_pkg:${AMENT_PREFIX_PATH} CMAKE_PREFIX_PATH=/home/hareesh/risk/install/kuka_arm_pkg:/opt/ros/humble /usr/bin/cmake --build /home/hareesh/risk/build/kuka_arm_moveit -- -j16 -l16
[0.591s] Invoked command in '/home/hareesh/risk/build/kuka_arm_moveit' returned '0': AMENT_PREFIX_PATH=/home/hareesh/risk/install/kuka_arm_pkg:${AMENT_PREFIX_PATH} CMAKE_PREFIX_PATH=/home/hareesh/risk/install/kuka_arm_pkg:/opt/ros/humble /usr/bin/cmake --build /home/hareesh/risk/build/kuka_arm_moveit -- -j16 -l16
[0.604s] Invoking command in '/home/hareesh/risk/build/kuka_arm_moveit': AMENT_PREFIX_PATH=/home/hareesh/risk/install/kuka_arm_pkg:${AMENT_PREFIX_PATH} CMAKE_PREFIX_PATH=/home/hareesh/risk/install/kuka_arm_pkg:/opt/ros/humble /usr/bin/cmake --install /home/hareesh/risk/build/kuka_arm_moveit
[0.608s] -- Install configuration: ""
[0.608s] -- Execute custom install script
[0.608s] -- Symlinking: /home/hareesh/risk/install/kuka_arm_moveit/share/ament_index/resource_index/package_run_dependencies/kuka_arm_moveit
[0.613s] -- Symlinking: /home/hareesh/risk/install/kuka_arm_moveit/share/ament_index/resource_index/parent_prefix_path/kuka_arm_moveit
[0.618s] -- Symlinking: /home/hareesh/risk/install/kuka_arm_moveit/share/kuka_arm_moveit/environment/ament_prefix_path.sh
[0.623s] -- Symlinking: /home/hareesh/risk/install/kuka_arm_moveit/share/kuka_arm_moveit/environment/ament_prefix_path.dsv
[0.628s] -- Symlinking: /home/hareesh/risk/install/kuka_arm_moveit/share/kuka_arm_moveit/environment/path.sh
[0.633s] -- Symlinking: /home/hareesh/risk/install/kuka_arm_moveit/share/kuka_arm_moveit/environment/path.dsv
[0.638s] -- Symlinking: /home/hareesh/risk/install/kuka_arm_moveit/share/kuka_arm_moveit/local_setup.bash
[0.643s] -- Symlinking: /home/hareesh/risk/install/kuka_arm_moveit/share/kuka_arm_moveit/local_setup.sh
[0.647s] -- Symlinking: /home/hareesh/risk/install/kuka_arm_moveit/share/kuka_arm_moveit/local_setup.zsh
[0.652s] -- Symlinking: /home/hareesh/risk/install/kuka_arm_moveit/share/kuka_arm_moveit/local_setup.dsv
[0.656s] -- Symlinking: /home/hareesh/risk/install/kuka_arm_moveit/share/kuka_arm_moveit/package.dsv
[0.661s] -- Symlinking: /home/hareesh/risk/install/kuka_arm_moveit/share/ament_index/resource_index/packages/kuka_arm_moveit
[0.665s] -- Symlinking: /home/hareesh/risk/install/kuka_arm_moveit/share/kuka_arm_moveit/cmake/kuka_arm_moveitConfig.cmake
[0.670s] -- Symlinking: /home/hareesh/risk/install/kuka_arm_moveit/share/kuka_arm_moveit/cmake/kuka_arm_moveitConfig-version.cmake
[0.674s] -- Symlinking: /home/hareesh/risk/install/kuka_arm_moveit/share/kuka_arm_moveit/package.xml
[0.679s] -- Symlinking: /home/hareesh/risk/install/kuka_arm_moveit/share/kuka_arm_moveit/launch/demo.launch.py
[0.683s] -- Symlinking: /home/hareesh/risk/install/kuka_arm_moveit/share/kuka_arm_moveit/launch/move_group.launch.py
[0.687s] -- Symlinking: /home/hareesh/risk/install/kuka_arm_moveit/share/kuka_arm_moveit/launch/moveit_rviz.launch.py
[0.691s] -- Symlinking: /home/hareesh/risk/install/kuka_arm_moveit/share/kuka_arm_moveit/launch/rsp.launch.py
[0.695s] -- Symlinking: /home/hareesh/risk/install/kuka_arm_moveit/share/kuka_arm_moveit/launch/setup_assistant.launch.py
[0.699s] -- Symlinking: /home/hareesh/risk/install/kuka_arm_moveit/share/kuka_arm_moveit/launch/spawn_controllers.launch.py
[0.704s] -- Symlinking: /home/hareesh/risk/install/kuka_arm_moveit/share/kuka_arm_moveit/launch/static_virtual_joint_tfs.launch.py
[0.708s] -- Symlinking: /home/hareesh/risk/install/kuka_arm_moveit/share/kuka_arm_moveit/launch/warehouse_db.launch.py
[0.712s] -- Symlinking: /home/hareesh/risk/install/kuka_arm_moveit/share/kuka_arm_moveit/config/initial_positions.yaml
[0.718s] -- Symlinking: /home/hareesh/risk/install/kuka_arm_moveit/share/kuka_arm_moveit/config/joint_limits.yaml
[0.722s] -- Symlinking: /home/hareesh/risk/install/kuka_arm_moveit/share/kuka_arm_moveit/config/kinematics.yaml
[0.726s] -- Symlinking: /home/hareesh/risk/install/kuka_arm_moveit/share/kuka_arm_moveit/config/kr210_arm.ros2_control.xacro
[0.730s] -- Symlinking: /home/hareesh/risk/install/kuka_arm_moveit/share/kuka_arm_moveit/config/kr210_arm.srdf
[0.735s] -- Symlinking: /home/hareesh/risk/install/kuka_arm_moveit/share/kuka_arm_moveit/config/kr210_arm.urdf.xacro
[0.739s] -- Symlinking: /home/hareesh/risk/install/kuka_arm_moveit/share/kuka_arm_moveit/config/moveit.rviz
[0.743s] -- Symlinking: /home/hareesh/risk/install/kuka_arm_moveit/share/kuka_arm_moveit/config/moveit_controllers.yaml
[0.747s] -- Symlinking: /home/hareesh/risk/install/kuka_arm_moveit/share/kuka_arm_moveit/config/pilz_cartesian_limits.yaml
[0.752s] -- Symlinking: /home/hareesh/risk/install/kuka_arm_moveit/share/kuka_arm_moveit/config/ros2_controllers.yaml
[0.756s] -- Symlinking: /home/hareesh/risk/install/kuka_arm_moveit/share/kuka_arm_moveit/.setup_assistant
[0.761s] Invoked command in '/home/hareesh/risk/build/kuka_arm_moveit' returned '0': AMENT_PREFIX_PATH=/home/hareesh/risk/install/kuka_arm_pkg:${AMENT_PREFIX_PATH} CMAKE_PREFIX_PATH=/home/hareesh/risk/install/kuka_arm_pkg:/opt/ros/humble /usr/bin/cmake --install /home/hareesh/risk/build/kuka_arm_moveit
