[0.062s] DEBUG:colcon:Command line arguments: ['/usr/bin/colcon', 'build', '--symlink-install']
[0.062s] DEBUG:colcon:Parsed command line arguments: Namespace(log_base=None, log_level=None, verb_name='build', build_base='build', install_base='install', merge_install=False, symlink_install=True, test_result_base=None, continue_on_error=False, executor='parallel', parallel_workers=16, event_handlers=None, ignore_user_meta=False, metas=['./colcon.meta'], base_paths=['.'], packages_ignore=None, packages_ignore_regex=None, paths=None, packages_up_to=None, packages_up_to_regex=None, packages_above=None, packages_above_and_dependencies=None, packages_above_depth=None, packages_select_by_dep=None, packages_skip_by_dep=None, packages_skip_up_to=None, packages_select_build_failed=False, packages_skip_build_finished=False, packages_select_test_failures=False, packages_skip_test_passed=False, packages_select=None, packages_skip=None, packages_select_regex=None, packages_skip_regex=None, packages_start=None, packages_end=None, allow_overriding=[], cmake_args=None, cmake_target=None, cmake_target_skip_unavailable=False, cmake_clean_cache=False, cmake_clean_first=False, cmake_force_configure=False, ament_cmake_args=None, catkin_cmake_args=None, catkin_skip_building_tests=False, mixin_files=None, mixin=None, verb_parser=<colcon_mixin.mixin.mixin_argument.MixinArgumentDecorator object at 0x752cfb913940>, verb_extension=<colcon_core.verb.build.BuildVerb object at 0x752cfb913370>, main=<bound method BuildVerb.main of <colcon_core.verb.build.BuildVerb object at 0x752cfb913370>>, mixin_verb=('build',))
[0.150s] Level 1:colcon.colcon_core.package_discovery:discover_packages(colcon_meta) check parameters
[0.151s] Level 1:colcon.colcon_core.package_discovery:discover_packages(recursive) check parameters
[0.151s] Level 1:colcon.colcon_core.package_discovery:discover_packages(ignore) check parameters
[0.151s] Level 1:colcon.colcon_core.package_discovery:discover_packages(path) check parameters
[0.151s] Level 1:colcon.colcon_core.package_discovery:discover_packages(colcon_meta) discover
[0.151s] Level 1:colcon.colcon_core.package_discovery:discover_packages(recursive) discover
[0.151s] INFO:colcon.colcon_core.package_discovery:Crawling recursively for packages in '/home/hareesh/risk'
[0.151s] Level 1:colcon.colcon_core.package_identification:_identify(.) by extensions ['ignore', 'ignore_ament_install']
[0.151s] Level 1:colcon.colcon_core.package_identification:_identify(.) by extension 'ignore'
[0.151s] Level 1:colcon.colcon_core.package_identification:_identify(.) by extension 'ignore_ament_install'
[0.151s] Level 1:colcon.colcon_core.package_identification:_identify(.) by extensions ['colcon_pkg']
[0.151s] Level 1:colcon.colcon_core.package_identification:_identify(.) by extension 'colcon_pkg'
[0.151s] Level 1:colcon.colcon_core.package_identification:_identify(.) by extensions ['colcon_meta']
[0.151s] Level 1:colcon.colcon_core.package_identification:_identify(.) by extension 'colcon_meta'
[0.151s] Level 1:colcon.colcon_core.package_identification:_identify(.) by extensions ['ros']
[0.151s] Level 1:colcon.colcon_core.package_identification:_identify(.) by extension 'ros'
[0.157s] Level 1:colcon.colcon_core.package_identification:_identify(.) by extensions ['cmake', 'python']
[0.157s] Level 1:colcon.colcon_core.package_identification:_identify(.) by extension 'cmake'
[0.157s] Level 1:colcon.colcon_core.package_identification:_identify(.) by extension 'python'
[0.157s] Level 1:colcon.colcon_core.package_identification:_identify(.) by extensions ['python_setup_py']
[0.157s] Level 1:colcon.colcon_core.package_identification:_identify(.) by extension 'python_setup_py'
[0.157s] Level 1:colcon.colcon_core.package_identification:_identify(build) by extensions ['ignore', 'ignore_ament_install']
[0.157s] Level 1:colcon.colcon_core.package_identification:_identify(build) by extension 'ignore'
[0.157s] Level 1:colcon.colcon_core.package_identification:_identify(build) ignored
[0.157s] Level 1:colcon.colcon_core.package_identification:_identify(install) by extensions ['ignore', 'ignore_ament_install']
[0.158s] Level 1:colcon.colcon_core.package_identification:_identify(install) by extension 'ignore'
[0.158s] Level 1:colcon.colcon_core.package_identification:_identify(install) ignored
[0.158s] Level 1:colcon.colcon_core.package_identification:_identify(kuka_arm_moveit) by extensions ['ignore', 'ignore_ament_install']
[0.158s] Level 1:colcon.colcon_core.package_identification:_identify(kuka_arm_moveit) by extension 'ignore'
[0.158s] Level 1:colcon.colcon_core.package_identification:_identify(kuka_arm_moveit) by extension 'ignore_ament_install'
[0.158s] Level 1:colcon.colcon_core.package_identification:_identify(kuka_arm_moveit) by extensions ['colcon_pkg']
[0.158s] Level 1:colcon.colcon_core.package_identification:_identify(kuka_arm_moveit) by extension 'colcon_pkg'
[0.158s] Level 1:colcon.colcon_core.package_identification:_identify(kuka_arm_moveit) by extensions ['colcon_meta']
[0.158s] Level 1:colcon.colcon_core.package_identification:_identify(kuka_arm_moveit) by extension 'colcon_meta'
[0.158s] Level 1:colcon.colcon_core.package_identification:_identify(kuka_arm_moveit) by extensions ['ros']
[0.158s] Level 1:colcon.colcon_core.package_identification:_identify(kuka_arm_moveit) by extension 'ros'
[0.159s] DEBUG:colcon.colcon_core.package_identification:Package 'kuka_arm_moveit' with type 'ros.ament_cmake' and name 'kuka_arm_moveit'
[0.159s] Level 1:colcon.colcon_core.package_identification:_identify(kuka_arm_pkg) by extensions ['ignore', 'ignore_ament_install']
[0.159s] Level 1:colcon.colcon_core.package_identification:_identify(kuka_arm_pkg) by extension 'ignore'
[0.159s] Level 1:colcon.colcon_core.package_identification:_identify(kuka_arm_pkg) by extension 'ignore_ament_install'
[0.160s] Level 1:colcon.colcon_core.package_identification:_identify(kuka_arm_pkg) by extensions ['colcon_pkg']
[0.160s] Level 1:colcon.colcon_core.package_identification:_identify(kuka_arm_pkg) by extension 'colcon_pkg'
[0.160s] Level 1:colcon.colcon_core.package_identification:_identify(kuka_arm_pkg) by extensions ['colcon_meta']
[0.160s] Level 1:colcon.colcon_core.package_identification:_identify(kuka_arm_pkg) by extension 'colcon_meta'
[0.160s] Level 1:colcon.colcon_core.package_identification:_identify(kuka_arm_pkg) by extensions ['ros']
[0.160s] Level 1:colcon.colcon_core.package_identification:_identify(kuka_arm_pkg) by extension 'ros'
[0.160s] DEBUG:colcon.colcon_core.package_identification:Package 'kuka_arm_pkg' with type 'ros.ament_cmake' and name 'kuka_arm_pkg'
[0.160s] Level 1:colcon.colcon_core.package_identification:_identify(log) by extensions ['ignore', 'ignore_ament_install']
[0.160s] Level 1:colcon.colcon_core.package_identification:_identify(log) by extension 'ignore'
[0.160s] Level 1:colcon.colcon_core.package_identification:_identify(log) ignored
[0.160s] Level 1:colcon.colcon_core.package_discovery:discover_packages(recursive) using defaults
[0.160s] Level 1:colcon.colcon_core.package_discovery:discover_packages(ignore) discover
[0.160s] Level 1:colcon.colcon_core.package_discovery:discover_packages(ignore) using defaults
[0.160s] Level 1:colcon.colcon_core.package_discovery:discover_packages(path) discover
[0.160s] Level 1:colcon.colcon_core.package_discovery:discover_packages(path) using defaults
[0.176s] Level 1:colcon.colcon_core.package_discovery:discover_packages(prefix_path) check parameters
[0.176s] Level 1:colcon.colcon_core.package_discovery:discover_packages(prefix_path) discover
[0.178s] DEBUG:colcon.colcon_installed_package_information.package_discovery:Found 440 installed packages in /opt/ros/humble
[0.179s] Level 1:colcon.colcon_core.package_discovery:discover_packages(prefix_path) using defaults
[0.203s] Level 5:colcon.colcon_core.verb:set package 'kuka_arm_pkg' build argument 'cmake_args' from command line to 'None'
[0.203s] Level 5:colcon.colcon_core.verb:set package 'kuka_arm_pkg' build argument 'cmake_target' from command line to 'None'
[0.203s] Level 5:colcon.colcon_core.verb:set package 'kuka_arm_pkg' build argument 'cmake_target_skip_unavailable' from command line to 'False'
[0.204s] Level 5:colcon.colcon_core.verb:set package 'kuka_arm_pkg' build argument 'cmake_clean_cache' from command line to 'False'
[0.204s] Level 5:colcon.colcon_core.verb:set package 'kuka_arm_pkg' build argument 'cmake_clean_first' from command line to 'False'
[0.204s] Level 5:colcon.colcon_core.verb:set package 'kuka_arm_pkg' build argument 'cmake_force_configure' from command line to 'False'
[0.204s] Level 5:colcon.colcon_core.verb:set package 'kuka_arm_pkg' build argument 'ament_cmake_args' from command line to 'None'
[0.204s] Level 5:colcon.colcon_core.verb:set package 'kuka_arm_pkg' build argument 'catkin_cmake_args' from command line to 'None'
[0.204s] Level 5:colcon.colcon_core.verb:set package 'kuka_arm_pkg' build argument 'catkin_skip_building_tests' from command line to 'False'
[0.204s] DEBUG:colcon.colcon_core.verb:Building package 'kuka_arm_pkg' with the following arguments: {'ament_cmake_args': None, 'build_base': '/home/hareesh/risk/build/kuka_arm_pkg', 'catkin_cmake_args': None, 'catkin_skip_building_tests': False, 'cmake_args': None, 'cmake_clean_cache': False, 'cmake_clean_first': False, 'cmake_force_configure': False, 'cmake_target': None, 'cmake_target_skip_unavailable': False, 'install_base': '/home/hareesh/risk/install/kuka_arm_pkg', 'merge_install': False, 'path': '/home/hareesh/risk/kuka_arm_pkg', 'symlink_install': True, 'test_result_base': None}
[0.204s] Level 5:colcon.colcon_core.verb:set package 'kuka_arm_moveit' build argument 'cmake_args' from command line to 'None'
[0.204s] Level 5:colcon.colcon_core.verb:set package 'kuka_arm_moveit' build argument 'cmake_target' from command line to 'None'
[0.204s] Level 5:colcon.colcon_core.verb:set package 'kuka_arm_moveit' build argument 'cmake_target_skip_unavailable' from command line to 'False'
[0.204s] Level 5:colcon.colcon_core.verb:set package 'kuka_arm_moveit' build argument 'cmake_clean_cache' from command line to 'False'
[0.204s] Level 5:colcon.colcon_core.verb:set package 'kuka_arm_moveit' build argument 'cmake_clean_first' from command line to 'False'
[0.204s] Level 5:colcon.colcon_core.verb:set package 'kuka_arm_moveit' build argument 'cmake_force_configure' from command line to 'False'
[0.204s] Level 5:colcon.colcon_core.verb:set package 'kuka_arm_moveit' build argument 'ament_cmake_args' from command line to 'None'
[0.204s] Level 5:colcon.colcon_core.verb:set package 'kuka_arm_moveit' build argument 'catkin_cmake_args' from command line to 'None'
[0.204s] Level 5:colcon.colcon_core.verb:set package 'kuka_arm_moveit' build argument 'catkin_skip_building_tests' from command line to 'False'
[0.204s] DEBUG:colcon.colcon_core.verb:Building package 'kuka_arm_moveit' with the following arguments: {'ament_cmake_args': None, 'build_base': '/home/hareesh/risk/build/kuka_arm_moveit', 'catkin_cmake_args': None, 'catkin_skip_building_tests': False, 'cmake_args': None, 'cmake_clean_cache': False, 'cmake_clean_first': False, 'cmake_force_configure': False, 'cmake_target': None, 'cmake_target_skip_unavailable': False, 'install_base': '/home/hareesh/risk/install/kuka_arm_moveit', 'merge_install': False, 'path': '/home/hareesh/risk/kuka_arm_moveit', 'symlink_install': True, 'test_result_base': None}
[0.204s] INFO:colcon.colcon_core.executor:Executing jobs using 'parallel' executor
[0.205s] DEBUG:colcon.colcon_parallel_executor.executor.parallel:run_until_complete
[0.205s] INFO:colcon.colcon_ros.task.ament_cmake.build:Building ROS package in '/home/hareesh/risk/kuka_arm_pkg' with build type 'ament_cmake'
[0.205s] INFO:colcon.colcon_cmake.task.cmake.build:Building CMake package in '/home/hareesh/risk/kuka_arm_pkg'
[0.206s] INFO:colcon.colcon_core.plugin_system:Skipping extension 'colcon_core.shell.bat': Not used on non-Windows systems
[0.206s] INFO:colcon.colcon_core.shell:Skip shell extension 'powershell' for command environment: Not usable outside of PowerShell
[0.206s] DEBUG:colcon.colcon_core.shell:Skip shell extension 'dsv' for command environment
[0.210s] DEBUG:colcon.colcon_core.event_handler.log_command:Invoking command in '/home/hareesh/risk/build/kuka_arm_pkg': CMAKE_PREFIX_PATH=/opt/ros/humble /usr/bin/cmake /home/hareesh/risk/kuka_arm_pkg -DAMENT_CMAKE_SYMLINK_INSTALL=1 -DCMAKE_INSTALL_PREFIX=/home/hareesh/risk/install/kuka_arm_pkg
[3.134s] DEBUG:colcon.colcon_core.event_handler.log_command:Invoked command in '/home/hareesh/risk/build/kuka_arm_pkg' returned '0': CMAKE_PREFIX_PATH=/opt/ros/humble /usr/bin/cmake /home/hareesh/risk/kuka_arm_pkg -DAMENT_CMAKE_SYMLINK_INSTALL=1 -DCMAKE_INSTALL_PREFIX=/home/hareesh/risk/install/kuka_arm_pkg
[3.135s] DEBUG:colcon.colcon_core.event_handler.log_command:Invoking command in '/home/hareesh/risk/build/kuka_arm_pkg': CMAKE_PREFIX_PATH=/opt/ros/humble /usr/bin/cmake --build /home/hareesh/risk/build/kuka_arm_pkg -- -j16 -l16
[7.317s] DEBUG:colcon.colcon_core.event_handler.log_command:Invoked command in '/home/hareesh/risk/build/kuka_arm_pkg' returned '0': CMAKE_PREFIX_PATH=/opt/ros/humble /usr/bin/cmake --build /home/hareesh/risk/build/kuka_arm_pkg -- -j16 -l16
[7.336s] DEBUG:colcon.colcon_core.event_handler.log_command:Invoking command in '/home/hareesh/risk/build/kuka_arm_pkg': CMAKE_PREFIX_PATH=/opt/ros/humble /usr/bin/cmake --install /home/hareesh/risk/build/kuka_arm_pkg
[7.597s] Level 1:colcon.colcon_core.environment:create_environment_scripts_only(kuka_arm_pkg)
[7.598s] DEBUG:colcon.colcon_core.event_handler.log_command:Invoked command in '/home/hareesh/risk/build/kuka_arm_pkg' returned '0': CMAKE_PREFIX_PATH=/opt/ros/humble /usr/bin/cmake --install /home/hareesh/risk/build/kuka_arm_pkg
[7.599s] Level 1:colcon.colcon_core.environment:checking '/home/hareesh/risk/install/kuka_arm_pkg' for CMake module files
[7.599s] Level 1:colcon.colcon_core.environment:checking '/home/hareesh/risk/install/kuka_arm_pkg' for CMake config files
[7.599s] Level 1:colcon.colcon_core.shell:create_environment_hook('kuka_arm_pkg', 'cmake_prefix_path')
[7.600s] INFO:colcon.colcon_core.shell:Creating environment hook '/home/hareesh/risk/install/kuka_arm_pkg/share/kuka_arm_pkg/hook/cmake_prefix_path.ps1'
[7.600s] INFO:colcon.colcon_core.shell:Creating environment descriptor '/home/hareesh/risk/install/kuka_arm_pkg/share/kuka_arm_pkg/hook/cmake_prefix_path.dsv'
[7.600s] INFO:colcon.colcon_core.shell:Creating environment hook '/home/hareesh/risk/install/kuka_arm_pkg/share/kuka_arm_pkg/hook/cmake_prefix_path.sh'
[7.601s] Level 1:colcon.colcon_core.environment:checking '/home/hareesh/risk/install/kuka_arm_pkg/lib'
[7.601s] Level 1:colcon.colcon_core.environment:checking '/home/hareesh/risk/install/kuka_arm_pkg/bin'
[7.601s] Level 1:colcon.colcon_core.environment:checking '/home/hareesh/risk/install/kuka_arm_pkg/lib/pkgconfig/kuka_arm_pkg.pc'
[7.601s] Level 1:colcon.colcon_core.environment:checking '/home/hareesh/risk/install/kuka_arm_pkg/lib/python3.10/site-packages'
[7.601s] Level 1:colcon.colcon_core.environment:checking '/home/hareesh/risk/install/kuka_arm_pkg/bin'
[7.601s] INFO:colcon.colcon_core.shell:Creating package script '/home/hareesh/risk/install/kuka_arm_pkg/share/kuka_arm_pkg/package.ps1'
[7.601s] INFO:colcon.colcon_core.shell:Creating package descriptor '/home/hareesh/risk/install/kuka_arm_pkg/share/kuka_arm_pkg/package.dsv'
[7.602s] INFO:colcon.colcon_core.shell:Creating package script '/home/hareesh/risk/install/kuka_arm_pkg/share/kuka_arm_pkg/package.sh'
[7.602s] INFO:colcon.colcon_core.shell:Creating package script '/home/hareesh/risk/install/kuka_arm_pkg/share/kuka_arm_pkg/package.bash'
[7.602s] INFO:colcon.colcon_core.shell:Creating package script '/home/hareesh/risk/install/kuka_arm_pkg/share/kuka_arm_pkg/package.zsh'
[7.603s] Level 1:colcon.colcon_core.environment:create_file_with_runtime_dependencies(/home/hareesh/risk/install/kuka_arm_pkg/share/colcon-core/packages/kuka_arm_pkg)
[7.616s] Level 1:colcon.colcon_core.environment:create_environment_scripts_only(kuka_arm_pkg)
[7.617s] Level 1:colcon.colcon_core.environment:checking '/home/hareesh/risk/install/kuka_arm_pkg' for CMake module files
[7.617s] Level 1:colcon.colcon_core.environment:checking '/home/hareesh/risk/install/kuka_arm_pkg' for CMake config files
[7.617s] Level 1:colcon.colcon_core.shell:create_environment_hook('kuka_arm_pkg', 'cmake_prefix_path')
[7.617s] INFO:colcon.colcon_core.shell:Creating environment hook '/home/hareesh/risk/install/kuka_arm_pkg/share/kuka_arm_pkg/hook/cmake_prefix_path.ps1'
[7.618s] INFO:colcon.colcon_core.shell:Creating environment descriptor '/home/hareesh/risk/install/kuka_arm_pkg/share/kuka_arm_pkg/hook/cmake_prefix_path.dsv'
[7.618s] INFO:colcon.colcon_core.shell:Creating environment hook '/home/hareesh/risk/install/kuka_arm_pkg/share/kuka_arm_pkg/hook/cmake_prefix_path.sh'
[7.618s] Level 1:colcon.colcon_core.environment:checking '/home/hareesh/risk/install/kuka_arm_pkg/lib'
[7.618s] Level 1:colcon.colcon_core.environment:checking '/home/hareesh/risk/install/kuka_arm_pkg/bin'
[7.618s] Level 1:colcon.colcon_core.environment:checking '/home/hareesh/risk/install/kuka_arm_pkg/lib/pkgconfig/kuka_arm_pkg.pc'
[7.618s] Level 1:colcon.colcon_core.environment:checking '/home/hareesh/risk/install/kuka_arm_pkg/lib/python3.10/site-packages'
[7.618s] Level 1:colcon.colcon_core.environment:checking '/home/hareesh/risk/install/kuka_arm_pkg/bin'
[7.618s] INFO:colcon.colcon_core.shell:Creating package script '/home/hareesh/risk/install/kuka_arm_pkg/share/kuka_arm_pkg/package.ps1'
[7.619s] INFO:colcon.colcon_core.shell:Creating package descriptor '/home/hareesh/risk/install/kuka_arm_pkg/share/kuka_arm_pkg/package.dsv'
[7.619s] INFO:colcon.colcon_core.shell:Creating package script '/home/hareesh/risk/install/kuka_arm_pkg/share/kuka_arm_pkg/package.sh'
[7.619s] INFO:colcon.colcon_core.shell:Creating package script '/home/hareesh/risk/install/kuka_arm_pkg/share/kuka_arm_pkg/package.bash'
[7.619s] INFO:colcon.colcon_core.shell:Creating package script '/home/hareesh/risk/install/kuka_arm_pkg/share/kuka_arm_pkg/package.zsh'
[7.619s] Level 1:colcon.colcon_core.environment:create_file_with_runtime_dependencies(/home/hareesh/risk/install/kuka_arm_pkg/share/colcon-core/packages/kuka_arm_pkg)
[7.619s] INFO:colcon.colcon_ros.task.ament_cmake.build:Building ROS package in '/home/hareesh/risk/kuka_arm_moveit' with build type 'ament_cmake'
[7.620s] INFO:colcon.colcon_cmake.task.cmake.build:Building CMake package in '/home/hareesh/risk/kuka_arm_moveit'
[7.620s] INFO:colcon.colcon_core.shell:Skip shell extension 'powershell' for command environment: Not usable outside of PowerShell
[7.620s] DEBUG:colcon.colcon_core.shell:Skip shell extension 'dsv' for command environment
[7.623s] DEBUG:colcon.colcon_core.event_handler.log_command:Invoking command in '/home/hareesh/risk/build/kuka_arm_moveit': AMENT_PREFIX_PATH=/home/hareesh/risk/install/kuka_arm_pkg:${AMENT_PREFIX_PATH} CMAKE_PREFIX_PATH=/home/hareesh/risk/install/kuka_arm_pkg:/opt/ros/humble /usr/bin/cmake /home/hareesh/risk/kuka_arm_moveit -DAMENT_CMAKE_SYMLINK_INSTALL=1 -DCMAKE_INSTALL_PREFIX=/home/hareesh/risk/install/kuka_arm_moveit
[8.189s] DEBUG:colcon.colcon_core.event_handler.log_command:Invoked command in '/home/hareesh/risk/build/kuka_arm_moveit' returned '0': AMENT_PREFIX_PATH=/home/hareesh/risk/install/kuka_arm_pkg:${AMENT_PREFIX_PATH} CMAKE_PREFIX_PATH=/home/hareesh/risk/install/kuka_arm_pkg:/opt/ros/humble /usr/bin/cmake /home/hareesh/risk/kuka_arm_moveit -DAMENT_CMAKE_SYMLINK_INSTALL=1 -DCMAKE_INSTALL_PREFIX=/home/hareesh/risk/install/kuka_arm_moveit
[8.190s] DEBUG:colcon.colcon_core.event_handler.log_command:Invoking command in '/home/hareesh/risk/build/kuka_arm_moveit': AMENT_PREFIX_PATH=/home/hareesh/risk/install/kuka_arm_pkg:${AMENT_PREFIX_PATH} CMAKE_PREFIX_PATH=/home/hareesh/risk/install/kuka_arm_pkg:/opt/ros/humble /usr/bin/cmake --build /home/hareesh/risk/build/kuka_arm_moveit -- -j16 -l16
[8.211s] DEBUG:colcon.colcon_core.event_handler.log_command:Invoked command in '/home/hareesh/risk/build/kuka_arm_moveit' returned '0': AMENT_PREFIX_PATH=/home/hareesh/risk/install/kuka_arm_pkg:${AMENT_PREFIX_PATH} CMAKE_PREFIX_PATH=/home/hareesh/risk/install/kuka_arm_pkg:/opt/ros/humble /usr/bin/cmake --build /home/hareesh/risk/build/kuka_arm_moveit -- -j16 -l16
[8.224s] DEBUG:colcon.colcon_core.event_handler.log_command:Invoking command in '/home/hareesh/risk/build/kuka_arm_moveit': AMENT_PREFIX_PATH=/home/hareesh/risk/install/kuka_arm_pkg:${AMENT_PREFIX_PATH} CMAKE_PREFIX_PATH=/home/hareesh/risk/install/kuka_arm_pkg:/opt/ros/humble /usr/bin/cmake --install /home/hareesh/risk/build/kuka_arm_moveit
[8.381s] Level 1:colcon.colcon_core.environment:create_environment_scripts_only(kuka_arm_moveit)
[8.381s] Level 1:colcon.colcon_core.environment:checking '/home/hareesh/risk/install/kuka_arm_moveit' for CMake module files
[8.381s] DEBUG:colcon.colcon_core.event_handler.log_command:Invoked command in '/home/hareesh/risk/build/kuka_arm_moveit' returned '0': AMENT_PREFIX_PATH=/home/hareesh/risk/install/kuka_arm_pkg:${AMENT_PREFIX_PATH} CMAKE_PREFIX_PATH=/home/hareesh/risk/install/kuka_arm_pkg:/opt/ros/humble /usr/bin/cmake --install /home/hareesh/risk/build/kuka_arm_moveit
[8.382s] Level 1:colcon.colcon_core.environment:checking '/home/hareesh/risk/install/kuka_arm_moveit' for CMake config files
[8.382s] Level 1:colcon.colcon_core.shell:create_environment_hook('kuka_arm_moveit', 'cmake_prefix_path')
[8.382s] INFO:colcon.colcon_core.shell:Creating environment hook '/home/hareesh/risk/install/kuka_arm_moveit/share/kuka_arm_moveit/hook/cmake_prefix_path.ps1'
[8.382s] INFO:colcon.colcon_core.shell:Creating environment descriptor '/home/hareesh/risk/install/kuka_arm_moveit/share/kuka_arm_moveit/hook/cmake_prefix_path.dsv'
[8.382s] INFO:colcon.colcon_core.shell:Creating environment hook '/home/hareesh/risk/install/kuka_arm_moveit/share/kuka_arm_moveit/hook/cmake_prefix_path.sh'
[8.383s] Level 1:colcon.colcon_core.environment:checking '/home/hareesh/risk/install/kuka_arm_moveit/bin'
[8.383s] Level 1:colcon.colcon_core.environment:checking '/home/hareesh/risk/install/kuka_arm_moveit/lib/pkgconfig/kuka_arm_moveit.pc'
[8.383s] Level 1:colcon.colcon_core.environment:checking '/home/hareesh/risk/install/kuka_arm_moveit/lib/python3.10/site-packages'
[8.383s] Level 1:colcon.colcon_core.environment:checking '/home/hareesh/risk/install/kuka_arm_moveit/bin'
[8.383s] INFO:colcon.colcon_core.shell:Creating package script '/home/hareesh/risk/install/kuka_arm_moveit/share/kuka_arm_moveit/package.ps1'
[8.383s] INFO:colcon.colcon_core.shell:Creating package descriptor '/home/hareesh/risk/install/kuka_arm_moveit/share/kuka_arm_moveit/package.dsv'
[8.383s] INFO:colcon.colcon_core.shell:Creating package script '/home/hareesh/risk/install/kuka_arm_moveit/share/kuka_arm_moveit/package.sh'
[8.383s] INFO:colcon.colcon_core.shell:Creating package script '/home/hareesh/risk/install/kuka_arm_moveit/share/kuka_arm_moveit/package.bash'
[8.384s] INFO:colcon.colcon_core.shell:Creating package script '/home/hareesh/risk/install/kuka_arm_moveit/share/kuka_arm_moveit/package.zsh'
[8.384s] Level 1:colcon.colcon_core.environment:create_file_with_runtime_dependencies(/home/hareesh/risk/install/kuka_arm_moveit/share/colcon-core/packages/kuka_arm_moveit)
[8.395s] Level 1:colcon.colcon_core.environment:create_environment_scripts_only(kuka_arm_moveit)
[8.395s] Level 1:colcon.colcon_core.environment:checking '/home/hareesh/risk/install/kuka_arm_moveit' for CMake module files
[8.396s] Level 1:colcon.colcon_core.environment:checking '/home/hareesh/risk/install/kuka_arm_moveit' for CMake config files
[8.396s] Level 1:colcon.colcon_core.shell:create_environment_hook('kuka_arm_moveit', 'cmake_prefix_path')
[8.396s] INFO:colcon.colcon_core.shell:Creating environment hook '/home/hareesh/risk/install/kuka_arm_moveit/share/kuka_arm_moveit/hook/cmake_prefix_path.ps1'
[8.396s] INFO:colcon.colcon_core.shell:Creating environment descriptor '/home/hareesh/risk/install/kuka_arm_moveit/share/kuka_arm_moveit/hook/cmake_prefix_path.dsv'
[8.397s] INFO:colcon.colcon_core.shell:Creating environment hook '/home/hareesh/risk/install/kuka_arm_moveit/share/kuka_arm_moveit/hook/cmake_prefix_path.sh'
[8.397s] Level 1:colcon.colcon_core.environment:checking '/home/hareesh/risk/install/kuka_arm_moveit/bin'
[8.397s] Level 1:colcon.colcon_core.environment:checking '/home/hareesh/risk/install/kuka_arm_moveit/lib/pkgconfig/kuka_arm_moveit.pc'
[8.397s] Level 1:colcon.colcon_core.environment:checking '/home/hareesh/risk/install/kuka_arm_moveit/lib/python3.10/site-packages'
[8.397s] Level 1:colcon.colcon_core.environment:checking '/home/hareesh/risk/install/kuka_arm_moveit/bin'
[8.398s] INFO:colcon.colcon_core.shell:Creating package script '/home/hareesh/risk/install/kuka_arm_moveit/share/kuka_arm_moveit/package.ps1'
[8.398s] INFO:colcon.colcon_core.shell:Creating package descriptor '/home/hareesh/risk/install/kuka_arm_moveit/share/kuka_arm_moveit/package.dsv'
[8.398s] INFO:colcon.colcon_core.shell:Creating package script '/home/hareesh/risk/install/kuka_arm_moveit/share/kuka_arm_moveit/package.sh'
[8.399s] INFO:colcon.colcon_core.shell:Creating package script '/home/hareesh/risk/install/kuka_arm_moveit/share/kuka_arm_moveit/package.bash'
[8.399s] INFO:colcon.colcon_core.shell:Creating package script '/home/hareesh/risk/install/kuka_arm_moveit/share/kuka_arm_moveit/package.zsh'
[8.399s] Level 1:colcon.colcon_core.environment:create_file_with_runtime_dependencies(/home/hareesh/risk/install/kuka_arm_moveit/share/colcon-core/packages/kuka_arm_moveit)
[8.399s] DEBUG:colcon.colcon_parallel_executor.executor.parallel:closing loop
[8.399s] DEBUG:colcon.colcon_parallel_executor.executor.parallel:loop closed
[8.399s] DEBUG:colcon.colcon_parallel_executor.executor.parallel:run_until_complete finished with '0'
[8.399s] DEBUG:colcon.colcon_core.event_reactor:joining thread
[8.404s] INFO:colcon.colcon_core.plugin_system:Skipping extension 'colcon_notification.desktop_notification.terminal_notifier': Not used on non-Darwin systems
[8.404s] INFO:colcon.colcon_core.plugin_system:Skipping extension 'colcon_notification.desktop_notification.win32': Not used on non-Windows systems
[8.404s] INFO:colcon.colcon_notification.desktop_notification:Sending desktop notification using 'notify2'
[8.413s] DEBUG:colcon.colcon_core.event_reactor:joined thread
[8.414s] INFO:colcon.colcon_core.shell:Creating prefix script '/home/hareesh/risk/install/local_setup.ps1'
[8.414s] INFO:colcon.colcon_core.shell:Creating prefix util module '/home/hareesh/risk/install/_local_setup_util_ps1.py'
[8.415s] INFO:colcon.colcon_core.shell:Creating prefix chain script '/home/hareesh/risk/install/setup.ps1'
[8.415s] INFO:colcon.colcon_core.shell:Creating prefix script '/home/hareesh/risk/install/local_setup.sh'
[8.416s] INFO:colcon.colcon_core.shell:Creating prefix util module '/home/hareesh/risk/install/_local_setup_util_sh.py'
[8.416s] INFO:colcon.colcon_core.shell:Creating prefix chain script '/home/hareesh/risk/install/setup.sh'
[8.416s] INFO:colcon.colcon_core.shell:Creating prefix script '/home/hareesh/risk/install/local_setup.bash'
[8.416s] INFO:colcon.colcon_core.shell:Creating prefix chain script '/home/hareesh/risk/install/setup.bash'
[8.417s] INFO:colcon.colcon_core.shell:Creating prefix script '/home/hareesh/risk/install/local_setup.zsh'
[8.417s] INFO:colcon.colcon_core.shell:Creating prefix chain script '/home/hareesh/risk/install/setup.zsh'
